<?xml version="1.0" encoding="UTF-8"?>
<!-- Generated by org.testng.reporters.JUnitXMLReporter -->
<testsuite ignored="0" hostname="DESKTOP-VBNLNPQ" failures="0" tests="4" name="Default test" time="55.839" errors="0" timestamp="2023-11-08T12:56:55 IST">
  <testcase classname="dataprovider.TestLogin" name="enterCredentials" time="2.147"/>
  <testcase classname="dataprovider.TestLogin" name="enterCredentials" time="0.703"/>
  <testcase classname="dataprovider.TestLogin" name="enterCredentials" time="2.358"/>
  <testcase classname="dataprovider.TestLogin" name="enterCredentials" time="1.485"/>
</testsuite> <!-- Default test -->
