<?xml version="1.0" encoding="UTF-8"?>
<testng-results ignored="0" total="4" passed="4" failed="0" skipped="0">
  <reporter-output>
  </reporter-output>
  <suite started-at="2023-11-08T12:55:59 IST" name="Default suite" finished-at="2023-11-08T12:56:55 IST" duration-ms="55839">
    <groups>
    </groups>
    <test started-at="2023-11-08T12:55:59 IST" name="Default test" finished-at="2023-11-08T12:56:55 IST" duration-ms="55839">
      <class name="dataprovider.TestLogin">
        <test-method is-config="true" signature="setUp()[pri:0, instance:dataprovider.TestLogin@5acf93bb]" started-at="2023-11-08T12:56:01 IST" name="setUp" finished-at="2023-11-08T12:56:11 IST" duration-ms="10251" status="PASS">
          <reporter-output>
          </reporter-output>
        </test-method> <!-- setUp -->
        <test-method signature="enterCredentials(java.lang.String, java.lang.String)[pri:0, instance:dataprovider.TestLogin@5acf93bb]" started-at="2023-11-08T12:56:11 IST" name="enterCredentials" data-provider="getTestData" finished-at="2023-11-08T12:56:13 IST" duration-ms="2147" status="PASS">
          <params>
            <param index="0">
              <value>
                <![CDATA[tejas]]>
              </value>
            </param>
            <param index="1">
              <value>
                <![CDATA[1234.0]]>
              </value>
            </param>
          </params>
          <reporter-output>
          </reporter-output>
        </test-method> <!-- enterCredentials -->
        <test-method is-config="true" signature="setUp()[pri:0, instance:dataprovider.TestLogin@5acf93bb]" started-at="2023-11-08T12:56:13 IST" name="setUp" finished-at="2023-11-08T12:56:20 IST" duration-ms="6696" status="PASS">
          <reporter-output>
          </reporter-output>
        </test-method> <!-- setUp -->
        <test-method signature="enterCredentials(java.lang.String, java.lang.String)[pri:0, instance:dataprovider.TestLogin@5acf93bb]" started-at="2023-11-08T12:56:20 IST" name="enterCredentials" data-provider="getTestData" finished-at="2023-11-08T12:56:20 IST" duration-ms="703" status="PASS">
          <params>
            <param index="0">
              <value>
                <![CDATA[toley]]>
              </value>
            </param>
            <param index="1">
              <value>
                <![CDATA[3455.0]]>
              </value>
            </param>
          </params>
          <reporter-output>
          </reporter-output>
        </test-method> <!-- enterCredentials -->
        <test-method is-config="true" signature="setUp()[pri:0, instance:dataprovider.TestLogin@5acf93bb]" started-at="2023-11-08T12:56:20 IST" name="setUp" finished-at="2023-11-08T12:56:26 IST" duration-ms="5361" status="PASS">
          <reporter-output>
          </reporter-output>
        </test-method> <!-- setUp -->
        <test-method signature="enterCredentials(java.lang.String, java.lang.String)[pri:0, instance:dataprovider.TestLogin@5acf93bb]" started-at="2023-11-08T12:56:26 IST" name="enterCredentials" data-provider="getTestData" finished-at="2023-11-08T12:56:28 IST" duration-ms="2358" status="PASS">
          <params>
            <param index="0">
              <value>
                <![CDATA[edcedcecx]]>
              </value>
            </param>
            <param index="1">
              <value>
                <![CDATA[dddcdcd]]>
              </value>
            </param>
          </params>
          <reporter-output>
          </reporter-output>
        </test-method> <!-- enterCredentials -->
        <test-method is-config="true" signature="setUp()[pri:0, instance:dataprovider.TestLogin@5acf93bb]" started-at="2023-11-08T12:56:28 IST" name="setUp" finished-at="2023-11-08T12:56:53 IST" duration-ms="25094" status="PASS">
          <reporter-output>
          </reporter-output>
        </test-method> <!-- setUp -->
        <test-method signature="enterCredentials(java.lang.String, java.lang.String)[pri:0, instance:dataprovider.TestLogin@5acf93bb]" started-at="2023-11-08T12:56:53 IST" name="enterCredentials" data-provider="getTestData" finished-at="2023-11-08T12:56:55 IST" duration-ms="1485" status="PASS">
          <params>
            <param index="0">
              <value>
                <![CDATA[dxdxdx]]>
              </value>
            </param>
            <param index="1">
              <value>
                <![CDATA[frfrfrf]]>
              </value>
            </param>
          </params>
          <reporter-output>
          </reporter-output>
        </test-method> <!-- enterCredentials -->
      </class> <!-- dataprovider.TestLogin -->
    </test> <!-- Default test -->
  </suite> <!-- Default suite -->
</testng-results>
